MPASM  5.42             ESGHIR_PROGRAMME2.ASM   3-11-2021  18:30:25         PAGE  1


LOC  OBJECT CODE     LINE SOURCE TEXT
  VALUE

Warning[205]: Found directive in column 1. (LIST)
                      00001 LIST p=16F84A   ; definition de processeur
                      00002  #include <p16F84A.inc>
                      00001         LIST
                      00002 
                      00003 ;==========================================================================
                      00004 ;  MPASM PIC16F84A processor include
                      00005 ; 
                      00006 ;  (c) Copyright 1999-2011 Microchip Technology, All rights reserved
                      00007 ;==========================================================================
                      00008 
                      00201         LIST
Warning[205]: Found directive in column 1. (__CONFIG)
2007   3FFA           00003 __CONFIG _CP_OFF & _WDT_OFF & _PWRTE_OFF & _HS_OSC
                      00004 
  0000000C            00005 COMPT           equ             0Ch
  0000000D            00006 COMPT1          equ             0Dh
  0000000E            00007 COMPT2          equ             0Eh
  0000000F            00008 DUREE           equ             0Fh
                      00009 
                      00010                         
0000                  00011                     ORg 0x00
0000   2801           00012                 goto start
Warning[207]: Found label after column 1. (start)
0001                  00013                 start
                      00014                 ; _ _ _ _ _ _ accé au bank1 
0001   1683           00015                 BSF STATUS, RP0
Message[302]: Register in operand not in bank 0.  Ensure that bank bits are correct.
0002   1605           00016                                 BSF  TRISA,4 ;---INPUT
Message[302]: Register in operand not in bank 0.  Ensure that bank bits are correct.
0003   0186           00017                                 clrf TRISB
0004   1283           00018                                 BCF STATUS, RP0
                      00019 
                      00020 
                      00021 
                      00022                                 ;programme principal
0005   0186           00023                                 clrf PORTB
Warning[207]: Found label after column 1. (loop)
0006   1E05           00024                 loop    BTFSS PORTA,4
0007   2806           00025                                 goto loop
0008   200A           00026                                 call decomptage
0009   2806           00027                                 goto loop
                      00028 
                      00029 
                      00030 
                      00031 
                      00032 
                      00033                      ;21 sec
Warning[207]: Found label after column 1. (decomptage)
000A   0186           00034  decomptage     clrf PORTB
000B   1686           00035                                 BSF PORTB,5 ;-----------------20
000C   2020           00036                                 call tempo_clignotements
000D   2020           00037                 call tempo_clignotements
MPASM  5.42             ESGHIR_PROGRAMME2.ASM   3-11-2021  18:30:25         PAGE  2


LOC  OBJECT CODE     LINE SOURCE TEXT
  VALUE

000E   3019           00038                                 movlw b'00011001'
000F   0086           00039                                 movwf PORTB
                      00040                                         ;19
Warning[207]: Found label after column 1. (MM)
0010   2020           00041                         MM  call tempo_clignotements
0011   2020           00042                                 call tempo_clignotements
0012   0386           00043                                 decf PORTB,f
0013   1A06           00044                                 btfsc PORTB , 4
0014   2810           00045                                 goto MM
                      00046                                         ;9
0015   3009           00047                                 movlw b'00001001'
0016   0086           00048                                 movwf PORTB
Warning[207]: Found label after column 1. (KK)
0017   2020           00049             KK  call tempo_clignotements ;
0018   2020           00050                                 call tempo_clignotements
0019   0386           00051                 decf PORTB,f
001A   0103           00052                 clrw
001B   0206           00053                 subwf PORTB,W
001C   1D03           00054                 BTFSS STATUS,Z 
001D   2817           00055                 goto KK 
001E   0008           00056                 RETURN
                      00057 
Warning[203]: Found opcode in column 1. (return)
001F   0008           00058 return
                      00059 
                      00060 
                      00061                
                      00062  
                      00063 
0020                  00064 tempo_clignotements 
                      00065 
0020   3005           00066                 movlw           0x0005          ; chargement de COMPT2 DE 10
0021   008E           00067                 movwf           COMPT2          ; 
0022                  00068 delai2
0022   30C8           00069                 movlw           0x00C8          ; chargement de COMPT1 DE 200
0023   008D           00070                 movwf           COMPT1          ; 
0024                  00071 delai1
0024   30A5           00072                 movlw           0x00A5          ; chargement de COMPT de 165
0025   008C           00073                 movwf           COMPT
0026                  00074 delai
0026   0B8C           00075                 decfsz          COMPT,1         ; Le temps de decompter 165 valeurs 
0027   2826           00076                 goto            delai           ; calcul du temps : 1 instruction =Tquartz/4=1µs =1 cycl
                            e
                      00077                                                 ; l'instruction decfz est de 2 cycles
                      00078                                                 ; 2 instructions = 3 µs repeter 165 fois t=495 µs + 2 in
                            st =497µs
0028   0B8D           00079                 decfsz          COMPT1,1        ; ON execute la boucle de 497µs 200 fois + 2 instr dont 
                            1 à 2 cycle
0029   2824           00080                 goto            delai1          ; calcul du temps : 500µs*200=100ms on neglige les 5µs r
                            stant
                      00081 
002A   0B8E           00082                 decfsz          COMPT2,1        ; ON execute les boucles de 100 ms 5 fois  
002B   2822           00083                 goto            delai2
MPASM  5.42             ESGHIR_PROGRAMME2.ASM   3-11-2021  18:30:25         PAGE  3


LOC  OBJECT CODE     LINE SOURCE TEXT
  VALUE

                      00084    
Warning[203]: Found opcode in column 1. (return)
002C   0008           00085 return
Warning[205]: Found directive in column 1. (end)
                      00086 end
MPASM  5.42             ESGHIR_PROGRAMME2.ASM   3-11-2021  18:30:25         PAGE  4


SYMBOL TABLE
  LABEL                             VALUE 

C                                 00000000
COMPT                             0000000C
COMPT1                            0000000D
COMPT2                            0000000E
DC                                00000001
DUREE                             0000000F
EEADR                             00000009
EECON1                            00000088
EECON2                            00000089
EEDATA                            00000008
EEIE                              00000006
EEIF                              00000004
F                                 00000001
FSR                               00000004
GIE                               00000007
INDF                              00000000
INTCON                            0000000B
INTE                              00000004
INTEDG                            00000006
INTF                              00000001
IRP                               00000007
KK                                00000017
MM                                00000010
NOT_PD                            00000003
NOT_RBPU                          00000007
NOT_TO                            00000004
OPTION_REG                        00000081
PCL                               00000002
PCLATH                            0000000A
PORTA                             00000005
PORTB                             00000006
PS0                               00000000
PS1                               00000001
PS2                               00000002
PSA                               00000003
RA0                               00000000
RA1                               00000001
RA2                               00000002
RA3                               00000003
RA4                               00000004
RB0                               00000000
RB1                               00000001
RB2                               00000002
RB3                               00000003
RB4                               00000004
RB5                               00000005
RB6                               00000006
RB7                               00000007
RBIE                              00000003
RBIF                              00000000
RD                                00000000
RP0                               00000005
RP1                               00000006
MPASM  5.42             ESGHIR_PROGRAMME2.ASM   3-11-2021  18:30:25         PAGE  5


SYMBOL TABLE
  LABEL                             VALUE 

STATUS                            00000003
T0CS                              00000005
T0IE                              00000005
T0IF                              00000002
T0SE                              00000004
TMR0                              00000001
TMR0IE                            00000005
TMR0IF                            00000002
TRISA                             00000085
TRISA0                            00000000
TRISA1                            00000001
TRISA2                            00000002
TRISA3                            00000003
TRISA4                            00000004
TRISB                             00000086
TRISB0                            00000000
TRISB1                            00000001
TRISB2                            00000002
TRISB3                            00000003
TRISB4                            00000004
TRISB5                            00000005
TRISB6                            00000006
TRISB7                            00000007
W                                 00000000
WR                                00000001
WREN                              00000002
WRERR                             00000003
Z                                 00000002
_CONFIG                           00002007
_CP_OFF                           00003FFF
_CP_ON                            0000000F
_DEVID1                           00002006
_HS_OSC                           00003FFE
_IDLOC0                           00002000
_IDLOC1                           00002001
_IDLOC2                           00002002
_IDLOC3                           00002003
_LP_OSC                           00003FFC
_PWRTE_OFF                        00003FFF
_PWRTE_ON                         00003FF7
_RC_OSC                           00003FFF
_WDT_OFF                          00003FFB
_WDT_ON                           00003FFF
_XT_OSC                           00003FFD
__16F84A                          00000001
__DEBUG                           1
decomptage                        0000000A
delai                             00000026
delai1                            00000024
delai2                            00000022
loop                              00000006
start                             00000001
tempo_clignotements               00000020
MPASM  5.42             ESGHIR_PROGRAMME2.ASM   3-11-2021  18:30:25         PAGE  6


MEMORY USAGE MAP ('X' = Used,  '-' = Unused)


0000 : XXXXXXXXXXXXXXXX XXXXXXXXXXXXXXXX XXXXXXXXXXXXX--- ----------------
2000 : -------X-------- ---------------- ---------------- ----------------

All other memory blocks unused.

Program Memory Words Used:    45
Program Memory Words Free:   979


Errors   :     0
Warnings :    10 reported,     0 suppressed
Messages :     2 reported,     0 suppressed

